android/proguard/seeds.txt
com.july.popbubbles.android.AndroidLauncher
com.july.popbubbles.android.AndroidLauncher: AndroidLauncher()
...
com.payeco.android.plugin.http.parse.ConfigParseService
com.payeco.android.plugin.http.parse.ConfigParseService: java.lang.String CONFIG_VERSION
com.payeco.android.plugin.http.parse.ConfigParseService: java.lang.String FRONTPUBKEY
com.payeco.android.plugin.http.parse.ConfigParseService: java.lang.String FRONTPUBKEY_VERSION
com.payeco.android.plugin.http.parse.ConfigParseService: java.lang.String FRONTPUBKEY_BASE64
com.payeco.android.plugin.http.parse.ConfigParseService: java.lang.String FRONT_MODULUS
com.payeco.android.plugin.http.parse.ConfigParseService: java.lang.String FRONT_PUBLICEXPONENT
com.payeco.android.plugin.http.parse.ConfigParseService: java.lang.String UPOPPUBKEY
com.payeco.android.plugin.http.parse.ConfigParseService: java.lang.String UPOPPUBKEY_VERSION
com.payeco.android.plugin.http.parse.ConfigParseService: java.lang.String UPOPPUBKEY_BASE64
com.payeco.android.plugin.http.parse.ConfigParseService: java.lang.String UPOP_MODULUS
com.payeco.android.plugin.http.parse.ConfigParseService: java.lang.String UPOP_PUBLICEXPONENT
com.payeco.android.plugin.http.parse.ConfigParseService: ConfigParseService()
com.payeco.android.plugin.http.parse.ConfigParseService: java.util.Map parseConfig(java.io.InputStream)
com.payeco.android.plugin.http.parse.IXmlParseService
com.payeco.android.plugin.http.parse.IXmlParseService: java.lang.Object getByParseXml(java.io.InputStream,java.lang.Class,int)
com.payeco.android.plugin.http.parse.IXmlParseService: java.lang.Object getByParseXml(java.io.InputStream,java.lang.Class)
com.payeco.android.plugin.http.parse.PluginXmlParseService
com.payeco.android.plugin.http.parse.PluginXmlParseService: int PLUGIN_OBJECT
com.payeco.android.plugin.http.parse.PluginXmlParseService: int MERCHANT_OBJECT
com.payeco.android.plugin.http.parse.PluginXmlParseService: PluginXmlParseService()
com.payeco.android.plugin.http.parse.PluginXmlParseService: java.lang.Object getByParseXml(java.io.InputStream,java.lang.Class,int)
com.payeco.android.plugin.http.parse.XmlParseRiskControlService
com.payeco.android.plugin.http.parse.XmlParseRiskControlService: XmlParseRiskControlService()
com.payeco.android.plugin.http.parse.XmlParseRiskControlService: java.lang.Object getByParseXml(java.io.InputStream,java.lang.Class)
com.payeco.android.plugin.http.parse.XmlParseService
com.payeco.android.plugin.http.parse.XmlParseService: XmlParseService()
com.payeco.android.plugin.http.parse.XmlParseService: java.lang.Object getByParseXml(java.io.InputStream,java.lang.Class,int)
com.payeco.android.plugin.http.parse.XmlParseService: java.lang.Object getByParseXml(java.io.InputStream,java.lang.Class)
com.payeco.android.plugin.http.parse.XmlTool
com.payeco.android.plugin.http.parse.XmlTool: XmlTool()
com.payeco.android.plugin.http.parse.XmlTool: java.lang.String objectToXml(com.payeco.android.plugin.http.objects.PluginObject)
com.payeco.android.plugin.http.parse.XmlTool: java.lang.String objectToXml(com.payeco.android.plugin.http.objects.MerchantObject)
com.payeco.android.plugin.http.parse.XmlTool: java.lang.Object xmlToObject(java.lang.String,java.lang.Class,int)
com.payeco.android.plugin.util.EditTextGroupWatch
com.payeco.android.plugin.util.EditTextGroupWatch: java.lang.String string
com.payeco.android.plugin.util.EditTextGroupWatch: int groupPosition
com.payeco.android.plugin.util.EditTextGroupWatch: EditTextGroupWatch(int)
com.payeco.android.plugin.util.EditTextGroupWatch: void afterTextChanged(android.text.Editable)
com.payeco.android.plugin.util.EditTextGroupWatch: void beforeTextChanged(java.lang.CharSequence,int,int,int)
com.payeco.android.plugin.util.EditTextGroupWatch: void onTextChanged(java.lang.CharSequence,int,int,int)