android/proguard/mapping.txt
com.july.popbubbles.android.AndroidLauncher -> com.july.popbubbles.android.AndroidLauncher:
    android.widget.LinearLayout layout -> e
    java.lang.String cooID -> b
    java.lang.String channelId -> c
    java.lang.String appID -> f
    java.lang.String appPid -> g
    android.os.Handler handler -> h
    com.july.popbubbles.BushEvent event -> i
    com.pmkg.p.Ckm pm -> j
    android.content.Context mContext -> k
    java.lang.String orderId -> l
    java.lang.String userId -> m
    java.lang.String goodsName -> n
    float price -> o
    java.lang.String goodsDesc -> p
    java.lang.String notifyUrl -> q
    int addHeart -> d
    void onCreate(android.os.Bundle) -> onCreate
    void onDestroy() -> onDestroy
    com.pmkg.p.Ckm access$0() -> j
    android.content.Context access$1() -> k
    void access$2(com.july.popbubbles.android.AndroidLauncher,int) -> a
    android.os.Handler access$3() -> l
com.july.popbubbles.android.AndroidLauncher$1 -> com.july.popbubbles.android.a:
    void handleMessage(android.os.Message) -> handleMessage
com.july.popbubbles.android.AndroidLauncher$2 -> com.july.popbubbles.android.b:
    void notify$4cfcfd12(int) -> a
com.july.popbubbles.android.AndroidLauncher$3 -> com.july.popbubbles.android.c:
    void onMDExitInFinish() -> a
com.july.popbubbles.android.AndroidLauncher$MyPayResultListener -> com.july.popbubbles.android.d:
    com.july.popbubbles.android.AndroidLauncher this$0 -> a
    void onPayFinish(android.content.Context,java.lang.String,int,java.lang.String,int,float,java.lang.String) -> onPayFinish
...
com.unionpay.mobile.android.nocard.views.m -> com.unionpay.mobile.android.nocard.views.m:
    int p -> p
    com.unionpay.mobile.android.upviews.a q -> q
    android.view.View$OnClickListener r -> r
    android.view.View$OnClickListener s -> s
    android.widget.TextView t -> t
    com.unionpay.mobile.android.nocard.views.listview.e n -> n
    android.widget.LinearLayout o -> o
    int u -> u
    int v -> v
    int w -> w
    com.unionpay.mobile.android.upwidget.c x -> x
    void b() -> b
    void c() -> c
    boolean m() -> m
    void a(android.widget.LinearLayout,org.json.JSONArray) -> a
    void a(android.view.View) -> a
    void f(int) -> f
    void a(com.unionpay.mobile.android.upviews.a$a) -> a
    void a(boolean) -> a
    void a(org.json.JSONObject) -> a
    boolean a(java.lang.String) -> a
    void g(int) -> g
    void n() -> n
    void i() -> i
    void c(java.lang.String) -> c
    com.unionpay.mobile.android.upviews.a a(com.unionpay.mobile.android.nocard.views.m) -> a
    com.unionpay.mobile.android.upwidget.c b(com.unionpay.mobile.android.nocard.views.m) -> b
    void a(com.unionpay.mobile.android.nocard.views.m,java.lang.String) -> a
com.unionpay.mobile.android.nocard.views.n -> com.unionpay.mobile.android.nocard.views.F:
    com.unionpay.mobile.android.nocard.views.m a -> a
    void onClick(android.view.View) -> onClick
com.unionpay.mobile.android.nocard.views.o -> com.unionpay.mobile.android.nocard.views.G:
    com.unionpay.mobile.android.nocard.views.m a -> a
    void onClick(android.view.View) -> onClick
com.unionpay.mobile.android.nocard.views.p -> com.unionpay.mobile.android.nocard.views.H:
    java.lang.String a -> a
    com.unionpay.mobile.android.nocard.views.m b -> b
    void onClick(android.view.View) -> onClick
com.unionpay.mobile.android.nocard.views.q -> com.unionpay.mobile.android.nocard.views.I:
    java.lang.String a -> a
    com.unionpay.mobile.android.nocard.views.m b -> b
    void onClick(android.view.View) -> onClick
com.unionpay.mobile.android.nocard.views.r -> com.unionpay.mobile.android.nocard.views.r:
    android.widget.TextView n -> n
    android.view.View$OnClickListener o -> o
    com.unionpay.mobile.android.upviews.a p -> p
    void b() -> b
    void c() -> c
    void a(org.json.JSONObject) -> a
    void a(com.unionpay.mobile.android.upviews.a$a) -> a
    void a(boolean) -> a
    void c(java.lang.String) -> c
    void a(com.unionpay.mobile.android.nocard.views.r) -> a
com.unionpay.mobile.android.nocard.views.s -> com.unionpay.mobile.android.nocard.views.J:
    com.unionpay.mobile.android.nocard.views.r a -> a
    void onClick(android.view.View) -> onClick
com.unionpay.mobile.android.nocard.views.t -> com.unionpay.mobile.android.nocard.views.K:
    java.lang.String a -> a
    com.unionpay.mobile.android.nocard.views.r b -> b
    void onClick(android.view.View) -> onClick
com.unionpay.mobile.android.nocard.views.u -> com.unionpay.mobile.android.nocard.views.u:
    android.widget.TextView n -> n
    android.view.View$OnClickListener o -> o
    void c() -> c
    void b() -> b
    void i() -> i
    void a(org.json.JSONObject) -> a
    void m() -> m
    void a(com.unionpay.mobile.android.nocard.views.u) -> a
com.unionpay.mobile.android.nocard.views.v -> com.unionpay.mobile.android.nocard.views.L:
    com.unionpay.mobile.android.nocard.views.u a -> a
    void onClick(android.view.View) -> onClick