android/proguard/usage.txt
com.july.popbubbles.android.AndroidLauncher$3:
    116:116:public void onMDShow()
    141:141:public void onMDExitOutFinish()
com.july.popbubbles.android.BuildConfig
com.july.popbubbles.android.R
com.july.popbubbles.android.R$array
com.july.popbubbles.android.R$attr
com.july.popbubbles.android.R$color
com.july.popbubbles.android.R$dimen
com.july.popbubbles.android.R$drawable
com.july.popbubbles.android.R$id
com.july.popbubbles.android.R$layout
com.july.popbubbles.android.R$string
com.july.popbubbles.android.R$style
...
com.badlogic.gdx.scenes.scene2d.ui.TextField$KeyRepeatTask
com.badlogic.gdx.scenes.scene2d.ui.TextField$OnscreenKeyboard
com.badlogic.gdx.scenes.scene2d.ui.TextField$TextFieldClickListener
com.badlogic.gdx.scenes.scene2d.ui.TextField$TextFieldFilter
com.badlogic.gdx.scenes.scene2d.ui.TextField$TextFieldFilter$DigitsOnlyFilter
com.badlogic.gdx.scenes.scene2d.ui.TextField$TextFieldListener
com.badlogic.gdx.scenes.scene2d.ui.TextField$TextFieldStyle
com.badlogic.gdx.scenes.scene2d.ui.Touchpad
com.badlogic.gdx.scenes.scene2d.ui.Touchpad$1
com.badlogic.gdx.scenes.scene2d.ui.Touchpad$TouchpadStyle
com.badlogic.gdx.scenes.scene2d.ui.Tree
com.badlogic.gdx.scenes.scene2d.ui.Tree$1
com.badlogic.gdx.scenes.scene2d.ui.Tree$Node
com.badlogic.gdx.scenes.scene2d.ui.Tree$TreeStyle
com.badlogic.gdx.scenes.scene2d.ui.Value:
    97:97:public static com.badlogic.gdx.scenes.scene2d.ui.Value percentWidth(float)
    106:106:public static com.badlogic.gdx.scenes.scene2d.ui.Value percentHeight(float)
    115:116:public static com.badlogic.gdx.scenes.scene2d.ui.Value percentWidth(float,com.badlogic.gdx.scenes.scene2d.Actor)
    125:126:public static com.badlogic.gdx.scenes.scene2d.ui.Value percentHeight(float,com.badlogic.gdx.scenes.scene2d.Actor)
com.badlogic.gdx.scenes.scene2d.ui.Value$10
com.badlogic.gdx.scenes.scene2d.ui.Value$7
com.badlogic.gdx.scenes.scene2d.ui.Value$8
com.badlogic.gdx.scenes.scene2d.ui.Value$9
com.badlogic.gdx.scenes.scene2d.ui.VerticalGroup
com.badlogic.gdx.scenes.scene2d.ui.Widget:
    65:67:public void setLayoutEnabled(boolean)
    93:93:public boolean needsLayout()
    112:114:public void pack()
    117:118:public void setFillParent(boolean)
com.badlogic.gdx.scenes.scene2d.ui.WidgetGroup:
    67:70:public void setLayoutEnabled(boolean)
    73:81:private void setLayoutEnabled(com.badlogic.gdx.scenes.scene2d.Group,boolean)
    111:111:public boolean needsLayout()
    133:141:public void pack()
    144:145:public void setFillParent(boolean)
com.badlogic.gdx.scenes.scene2d.ui.Window
com.badlogic.gdx.scenes.scene2d.ui.Window$1
com.badlogic.gdx.scenes.scene2d.ui.Window$2
com.badlogic.gdx.scenes.scene2d.ui.Window$WindowStyle
com.badlogic.gdx.scenes.scene2d.utils.ActorGestureListener
com.badlogic.gdx.scenes.scene2d.utils.ActorGestureListener$1
com.badlogic.gdx.scenes.scene2d.utils.ActorGestureListener$2
com.badlogic.gdx.scenes.scene2d.utils.Align
com.badlogic.gdx.scenes.scene2d.utils.ArraySelection
com.badlogic.gdx.scenes.scene2d.utils.BaseDrawable:
    32:40:public BaseDrawable(com.badlogic.gdx.scenes.scene2d.utils.Drawable)
    50:51:public void setLeftWidth(float)
    58:59:public void setRightWidth(float)
    66:67:public void setTopHeight(float)
    74:75:public void setBottomHeight(float)
    94:94:public java.lang.String getName()
    98:99:public void setName(java.lang.String)
com.badlogic.gdx.scenes.scene2d.utils.ChangeListener:
    25:37:public ChangeListener()
com.badlogic.gdx.scenes.scene2d.utils.ClickListener:
    52:54:public ClickListener(int)
    109:112:public void cancel()
    131:131:public boolean inTapSquare()
    142:142:public boolean isPressed()
    161:162:public void setTapSquareSize(float)
    165:165:public float getTapSquareSize()
    170:171:public void setTapCountInterval(float)
    175:175:public int getTapCount()
    179:179:public float getTouchDownX()
    183:183:public float getTouchDownY()
    188:188:public int getPressedButton()
    193:193:public int getPressedPointer()
    198:198:public int getButton()
    203:204:public void setButton(int)
com.badlogic.gdx.scenes.scene2d.utils.Cullable
com.badlogic.gdx.scenes.scene2d.utils.Disableable
com.badlogic.gdx.scenes.scene2d.utils.DragAndDrop
com.badlogic.gdx.scenes.scene2d.utils.DragAndDrop$1
com.badlogic.gdx.scenes.scene2d.utils.DragAndDrop$Payload
com.badlogic.gdx.scenes.scene2d.utils.DragAndDrop$Source
com.badlogic.gdx.scenes.scene2d.utils.DragAndDrop$Target
com.badlogic.gdx.scenes.scene2d.utils.DragListener